<?xml version="1.0" encoding="UTF-8"?>
<testExecutions version="1">
  <file path="C:\Users\g.roelofs\Documents\Github\academy\react\storybook\src\hooks\useIsInViewport\useIsInViewport.test.tsx">
    <testCase name="useIsInViewport should set isInViewport when IntersectionObserver callback fires" duration="22"/>
    <testCase name="useIsInViewport should observe reference element" duration="24"/>
  </file>
  <file path="C:\Users\g.roelofs\Documents\Github\academy\react\storybook\src\hooks\useScrollTo\useScrollTo.test.tsx">
    <testCase name="useScrollTo should ignore empty reference" duration="26"/>
    <testCase name="useScrollTo should use scrollIntoView of referenced element" duration="4"/>
    <testCase name="useScrollTo should use scrollIntoView of referenced element from callback" duration="6"/>
  </file>
  <file path="C:\Users\g.roelofs\Documents\Github\academy\react\storybook\src\hooks\useEscapeKey\useEscapeKey.test.tsx">
    <testCase name="useEscapeKey calls the handler when the escape key is pressed" duration="68"/>
    <testCase name="useEscapeKey does not call the handler when isActive is set to false" duration="31"/>
  </file>
  <file path="C:\Users\g.roelofs\Documents\Github\academy\react\storybook\src\hooks\useLockedBody\useLockedBody.test.tsx">
    <testCase name="useLockedBody should have locked as false by default" duration="32"/>
    <testCase name="useLockedBody should set overflow on body on initial value" duration="8"/>
  </file>
  <file path="C:\Users\g.roelofs\Documents\Github\academy\react\storybook\src\hooks\useMediaQuery\useMediaQuery.test.tsx">
    <testCase name="useMediaQuery should use matchMedia to watch media query" duration="28"/>
    <testCase name="useMediaQuery should map breakpoint to the correct min-width media query" duration="4"/>
    <testCase name="useMediaQuery should map breakpoint to the correct min-width media query" duration="3"/>
    <testCase name="useMediaQuery should map breakpoint to the correct min-width media query" duration="2"/>
    <testCase name="useMediaQuery should map breakpoint to the correct min-width media query" duration="3"/>
    <testCase name="useMediaQuery should map breakpoint to the correct min-width media query" duration="2"/>
    <testCase name="useMediaQuery should map breakpoint to the correct min-width media query" duration="2"/>
    <testCase name="useMediaQuery should map breakpoint to the correct min-width media query" duration="2"/>
    <testCase name="useMediaQuery should map breakpoint to the correct min-width media query" duration="3"/>
    <testCase name="useMediaQuery should use deprecated addListener and removeListener on old devices when new version is undefined" duration="3"/>
  </file>
  <file path="C:\Users\g.roelofs\Documents\Github\academy\react\storybook\src\components\layout\Grid\Column\Column.test.tsx">
    <testCase name="Grid defaults should render column" duration="39"/>
    <testCase name="Grid props should render correct class for span prop" duration="7"/>
    <testCase name="Grid props should render correct class for span prop" duration="3"/>
    <testCase name="Grid props should render correct class for span prop" duration="3"/>
    <testCase name="Grid props should render correct class for span prop" duration="2"/>
    <testCase name="Grid props should render correct class for span prop" duration="2"/>
    <testCase name="Grid props should render correct class for span prop" duration="2"/>
    <testCase name="Grid props should render correct class for span prop" duration="3"/>
    <testCase name="Grid props should render correct class for span prop" duration="3"/>
    <testCase name="Grid props should render correct class for span prop" duration="3"/>
    <testCase name="Grid props should render correct class for span prop" duration="2"/>
    <testCase name="Grid props should render correct class for span prop" duration="2"/>
    <testCase name="Grid props should render correct class for span prop" duration="2"/>
    <testCase name="Grid props should render correct class for span prop" duration="2"/>
    <testCase name="Grid props should render correct class for span prop" duration="4"/>
    <testCase name="Grid props should render correct class for span prop" duration="3"/>
    <testCase name="Grid props should render correct class for span prop" duration="1"/>
    <testCase name="Grid props should render correct class for span prop" duration="2"/>
    <testCase name="Grid props should render correct class for span prop" duration="1"/>
    <testCase name="Grid props should render correct class for span prop" duration="2"/>
    <testCase name="Grid props should render correct class for span prop" duration="1"/>
    <testCase name="Grid props should render correct class for span prop" duration="1"/>
    <testCase name="Grid props should render correct class for span prop" duration="1"/>
    <testCase name="Grid props should render correct class for span prop" duration="1"/>
    <testCase name="Grid props should render correct class for span prop" duration="2"/>
    <testCase name="Grid props should render correct class for span prop" duration="1"/>
    <testCase name="Grid props should render correct class for span prop" duration="1"/>
    <testCase name="Grid props should render correct class for span prop" duration="2"/>
    <testCase name="Grid props should render correct class for span prop" duration="1"/>
    <testCase name="Grid props should render correct class for span prop" duration="3"/>
    <testCase name="Grid props should render correct class for span prop" duration="1"/>
    <testCase name="Grid props should render correct class for span prop" duration="2"/>
    <testCase name="Grid props should render correct class for span prop" duration="1"/>
    <testCase name="Grid props should render correct class for span prop" duration="1"/>
    <testCase name="Grid props should render correct class for span prop" duration="1"/>
    <testCase name="Grid props should render correct class for span prop" duration="1"/>
    <testCase name="Grid props should render correct class for span prop" duration="1"/>
    <testCase name="Grid props should render correct class for span prop" duration="1"/>
    <testCase name="Grid props should render correct class for span prop" duration="1"/>
    <testCase name="Grid props should render correct class for span prop" duration="1"/>
    <testCase name="Grid props should render correct class for span prop" duration="1"/>
    <testCase name="Grid props should render correct class for span prop" duration="1"/>
    <testCase name="Grid props should render correct class for span prop" duration="5"/>
    <testCase name="Grid props should render correct class for span prop" duration="2"/>
    <testCase name="Grid props should render correct class for span prop" duration="1"/>
    <testCase name="Grid props should render correct class for span prop" duration="1"/>
    <testCase name="Grid props should render correct class for span prop" duration="2"/>
    <testCase name="Grid props should render correct class for span prop" duration="2"/>
    <testCase name="Grid props should render correct class for span prop" duration="1"/>
    <testCase name="Grid props should render correct class for span prop" duration="1"/>
    <testCase name="Grid props should render correct class for span prop" duration="1"/>
    <testCase name="Grid props should render correct class for span prop" duration="1"/>
    <testCase name="Grid props should render correct class for span prop" duration="1"/>
    <testCase name="Grid props should render correct class for span prop" duration="1"/>
    <testCase name="Grid props should render correct class for span prop" duration="1"/>
    <testCase name="Grid props should render correct class for span prop" duration="1"/>
    <testCase name="Grid props should render correct class for span prop" duration="1"/>
    <testCase name="Grid props should render correct class for span prop" duration="1"/>
    <testCase name="Grid props should render correct class for span prop" duration="1"/>
    <testCase name="Grid props should render correct class for span prop" duration="1"/>
    <testCase name="Grid props should render correct class for span prop" duration="2"/>
    <testCase name="Grid props should render correct class for span prop" duration="1"/>
    <testCase name="Grid props should render correct class for span prop" duration="2"/>
    <testCase name="Grid props should render correct class for span prop" duration="1"/>
    <testCase name="Grid props should render correct class for span prop" duration="1"/>
    <testCase name="Grid props should render correct class for span prop" duration="1"/>
    <testCase name="Grid props should render correct class for span prop" duration="1"/>
    <testCase name="Grid props should render correct class for span prop" duration="1"/>
    <testCase name="Grid props should render correct class for span prop" duration="0"/>
    <testCase name="Grid props should render correct class for span prop" duration="0"/>
    <testCase name="Grid props should render correct class for span prop" duration="0"/>
    <testCase name="Grid props should render correct class for start prop" duration="2"/>
    <testCase name="Grid props should render correct class for start prop" duration="1"/>
    <testCase name="Grid props should render correct class for start prop" duration="2"/>
    <testCase name="Grid props should render correct class for start prop" duration="1"/>
    <testCase name="Grid props should render correct class for start prop" duration="1"/>
    <testCase name="Grid props should render correct class for start prop" duration="1"/>
    <testCase name="Grid props should render correct class for start prop" duration="1"/>
    <testCase name="Grid props should render correct class for start prop" duration="1"/>
    <testCase name="Grid props should render correct class for start prop" duration="1"/>
    <testCase name="Grid props should render correct class for start prop" duration="1"/>
    <testCase name="Grid props should render correct class for start prop" duration="1"/>
    <testCase name="Grid props should render correct class for start prop" duration="1"/>
    <testCase name="Grid props should render correct class for start prop" duration="1"/>
    <testCase name="Grid props should render correct class for start prop" duration="1"/>
    <testCase name="Grid props should render correct class for start prop" duration="1"/>
    <testCase name="Grid props should render correct class for start prop" duration="5"/>
    <testCase name="Grid props should render correct class for start prop" duration="2"/>
    <testCase name="Grid props should render correct class for start prop" duration="1"/>
    <testCase name="Grid props should render correct class for start prop" duration="1"/>
    <testCase name="Grid props should render correct class for start prop" duration="1"/>
    <testCase name="Grid props should render correct class for start prop" duration="1"/>
    <testCase name="Grid props should render correct class for start prop" duration="0"/>
    <testCase name="Grid props should render correct class for start prop" duration="1"/>
    <testCase name="Grid props should render correct class for start prop" duration="0"/>
    <testCase name="Grid props should render correct class for start prop" duration="0"/>
    <testCase name="Grid props should render correct class for start prop" duration="0"/>
    <testCase name="Grid props should render correct class for start prop" duration="1"/>
    <testCase name="Grid props should render correct class for start prop" duration="1"/>
    <testCase name="Grid props should render correct class for start prop" duration="1"/>
    <testCase name="Grid props should render correct class for start prop" duration="1"/>
    <testCase name="Grid props should render correct class for start prop" duration="1"/>
    <testCase name="Grid props should render correct class for start prop" duration="1"/>
    <testCase name="Grid props should render correct class for start prop" duration="1"/>
    <testCase name="Grid props should render correct class for start prop" duration="1"/>
    <testCase name="Grid props should render correct class for start prop" duration="1"/>
    <testCase name="Grid props should render correct class for start prop" duration="1"/>
    <testCase name="Grid props should render correct class for start prop" duration="1"/>
    <testCase name="Grid props should render correct class for start prop" duration="1"/>
    <testCase name="Grid props should render correct class for start prop" duration="1"/>
    <testCase name="Grid props should render correct class for start prop" duration="1"/>
    <testCase name="Grid props should render correct class for start prop" duration="1"/>
    <testCase name="Grid props should render correct class for start prop" duration="1"/>
    <testCase name="Grid props should render correct class for start prop" duration="1"/>
    <testCase name="Grid props should render correct class for start prop" duration="1"/>
    <testCase name="Grid props should render correct class for start prop" duration="1"/>
    <testCase name="Grid props should render correct class for start prop" duration="0"/>
    <testCase name="Grid props should render correct class for start prop" duration="1"/>
    <testCase name="Grid props should render correct class for start prop" duration="1"/>
    <testCase name="Grid props should render correct class for start prop" duration="1"/>
    <testCase name="Grid props should render correct class for start prop" duration="1"/>
    <testCase name="Grid props should render correct class for start prop" duration="1"/>
    <testCase name="Grid props should render correct class for start prop" duration="1"/>
    <testCase name="Grid props should render correct class for start prop" duration="1"/>
    <testCase name="Grid props should render correct class for start prop" duration="1"/>
    <testCase name="Grid props should render correct class for start prop" duration="1"/>
    <testCase name="Grid props should render correct class for start prop" duration="0"/>
    <testCase name="Grid props should render correct class for start prop" duration="0"/>
    <testCase name="Grid props should render correct class for start prop" duration="0"/>
    <testCase name="Grid props should render correct class for start prop" duration="1"/>
    <testCase name="Grid props should render correct class for start prop" duration="4"/>
    <testCase name="Grid props should render correct class for start prop" duration="1"/>
    <testCase name="Grid props should render correct class for start prop" duration="1"/>
    <testCase name="Grid props should render correct class for start prop" duration="0"/>
    <testCase name="Grid props should render correct class for start prop" duration="1"/>
    <testCase name="Grid props should render correct class for start prop" duration="1"/>
    <testCase name="Grid props should render correct class for start prop" duration="1"/>
    <testCase name="Grid props should render correct class for start prop" duration="1"/>
    <testCase name="Grid props should render correct class for start prop" duration="1"/>
    <testCase name="Grid props should render correct class for start prop" duration="1"/>
    <testCase name="Grid props should render correct class for start prop" duration="1"/>
    <testCase name="Grid props should render correct class for end prop" duration="1"/>
    <testCase name="Grid props should render correct class for end prop" duration="1"/>
    <testCase name="Grid props should render correct class for end prop" duration="1"/>
    <testCase name="Grid props should render correct class for end prop" duration="1"/>
    <testCase name="Grid props should render correct class for end prop" duration="1"/>
    <testCase name="Grid props should render correct class for end prop" duration="1"/>
    <testCase name="Grid props should render correct class for end prop" duration="1"/>
    <testCase name="Grid props should render correct class for end prop" duration="1"/>
    <testCase name="Grid props should render correct class for end prop" duration="1"/>
    <testCase name="Grid props should render correct class for end prop" duration="2"/>
    <testCase name="Grid props should render correct class for end prop" duration="1"/>
    <testCase name="Grid props should render correct class for end prop" duration="1"/>
    <testCase name="Grid props should render correct class for end prop" duration="2"/>
    <testCase name="Grid props should render correct class for end prop" duration="1"/>
    <testCase name="Grid props should render correct class for end prop" duration="1"/>
    <testCase name="Grid props should render correct class for end prop" duration="1"/>
    <testCase name="Grid props should render correct class for end prop" duration="1"/>
    <testCase name="Grid props should render correct class for end prop" duration="0"/>
    <testCase name="Grid props should render correct class for end prop" duration="1"/>
    <testCase name="Grid props should render correct class for end prop" duration="0"/>
    <testCase name="Grid props should render correct class for end prop" duration="1"/>
    <testCase name="Grid props should render correct class for end prop" duration="1"/>
    <testCase name="Grid props should render correct class for end prop" duration="2"/>
    <testCase name="Grid props should render correct class for end prop" duration="1"/>
    <testCase name="Grid props should render correct class for end prop" duration="1"/>
    <testCase name="Grid props should render correct class for end prop" duration="1"/>
    <testCase name="Grid props should render correct class for end prop" duration="1"/>
    <testCase name="Grid props should render correct class for end prop" duration="1"/>
    <testCase name="Grid props should render correct class for end prop" duration="1"/>
    <testCase name="Grid props should render correct class for end prop" duration="1"/>
    <testCase name="Grid props should render correct class for end prop" duration="1"/>
    <testCase name="Grid props should render correct class for end prop" duration="1"/>
    <testCase name="Grid props should render correct class for end prop" duration="1"/>
    <testCase name="Grid props should render correct class for end prop" duration="4"/>
    <testCase name="Grid props should render correct class for end prop" duration="1"/>
    <testCase name="Grid props should render correct class for end prop" duration="1"/>
    <testCase name="Grid props should render correct class for end prop" duration="1"/>
    <testCase name="Grid props should render correct class for end prop" duration="1"/>
    <testCase name="Grid props should render correct class for end prop" duration="1"/>
    <testCase name="Grid props should render correct class for end prop" duration="1"/>
    <testCase name="Grid props should render correct class for end prop" duration="1"/>
    <testCase name="Grid props should render correct class for end prop" duration="1"/>
    <testCase name="Grid props should render correct class for end prop" duration="1"/>
    <testCase name="Grid props should render correct class for end prop" duration="1"/>
    <testCase name="Grid props should render correct class for end prop" duration="1"/>
    <testCase name="Grid props should render correct class for end prop" duration="1"/>
    <testCase name="Grid props should render correct class for end prop" duration="1"/>
    <testCase name="Grid props should render correct class for end prop" duration="1"/>
    <testCase name="Grid props should render correct class for end prop" duration="0"/>
    <testCase name="Grid props should render correct class for end prop" duration="0"/>
    <testCase name="Grid props should render correct class for end prop" duration="1"/>
    <testCase name="Grid props should render correct class for end prop" duration="1"/>
    <testCase name="Grid props should render correct class for end prop" duration="1"/>
    <testCase name="Grid props should render correct class for end prop" duration="1"/>
    <testCase name="Grid props should render correct class for end prop" duration="2"/>
    <testCase name="Grid props should render correct class for end prop" duration="1"/>
    <testCase name="Grid props should render correct class for end prop" duration="1"/>
    <testCase name="Grid props should render correct class for end prop" duration="1"/>
    <testCase name="Grid props should render correct class for end prop" duration="1"/>
    <testCase name="Grid props should render correct class for end prop" duration="1"/>
    <testCase name="Grid props should render correct class for end prop" duration="1"/>
    <testCase name="Grid props should render correct class for end prop" duration="1"/>
    <testCase name="Grid props should render correct class for end prop" duration="1"/>
    <testCase name="Grid props should render correct class for end prop" duration="1"/>
    <testCase name="Grid props should render correct class for end prop" duration="1"/>
    <testCase name="Grid props should render correct class for end prop" duration="1"/>
    <testCase name="Grid props should render correct class for end prop" duration="1"/>
    <testCase name="Grid props should render correct class for end prop" duration="1"/>
    <testCase name="Grid props should render correct class for end prop" duration="1"/>
    <testCase name="Grid props should render correct class for end prop" duration="2"/>
    <testCase name="Grid props should render correct class for row span prop" duration="2"/>
    <testCase name="Grid props should render correct class for row span prop" duration="1"/>
    <testCase name="Grid props should render correct class for row span prop" duration="1"/>
    <testCase name="Grid props should render correct class for row span prop" duration="1"/>
    <testCase name="Grid props should render correct class for row span prop" duration="1"/>
    <testCase name="Grid props should render correct class for row span prop" duration="1"/>
    <testCase name="Grid props should render correct class for row span prop" duration="1"/>
    <testCase name="Grid props should render correct class for row span prop" duration="4"/>
    <testCase name="Grid props should render correct class for row span prop" duration="1"/>
    <testCase name="Grid props should render correct class for row span prop" duration="1"/>
    <testCase name="Grid props should render correct class for row span prop" duration="1"/>
    <testCase name="Grid props should render correct class for row span prop" duration="1"/>
    <testCase name="Grid props should render correct class for row span prop" duration="1"/>
    <testCase name="Grid props should render correct class for row span prop" duration="1"/>
    <testCase name="Grid props should render correct class for row span prop" duration="1"/>
    <testCase name="Grid props should render correct class for row span prop" duration="1"/>
    <testCase name="Grid props should render correct class for row span prop" duration="1"/>
    <testCase name="Grid props should render correct class for row span prop" duration="1"/>
    <testCase name="Grid props should render correct class for row span prop" duration="1"/>
    <testCase name="Grid props should render correct class for row span prop" duration="1"/>
    <testCase name="Grid props should render correct class for row span prop" duration="1"/>
    <testCase name="Grid props should render correct class for row span prop" duration="1"/>
    <testCase name="Grid props should render correct class for row span prop" duration="1"/>
    <testCase name="Grid props should render correct class for row span prop" duration="1"/>
    <testCase name="Grid props should render correct class for row span prop" duration="1"/>
    <testCase name="Grid props should render correct class for row span prop" duration="0"/>
    <testCase name="Grid props should render correct class for row span prop" duration="1"/>
    <testCase name="Grid props should render correct class for row span prop" duration="2"/>
    <testCase name="Grid props should render correct class for row span prop" duration="2"/>
    <testCase name="Grid props should render correct class for row span prop" duration="1"/>
    <testCase name="Grid props should render correct class for row span prop" duration="1"/>
    <testCase name="Grid props should render correct class for row span prop" duration="1"/>
    <testCase name="Grid props should render correct class for row span prop" duration="1"/>
    <testCase name="Grid props should render correct class for row span prop" duration="1"/>
    <testCase name="Grid props should render correct class for row span prop" duration="1"/>
    <testCase name="Grid props should render correct class for row span prop" duration="1"/>
    <testCase name="Grid props should render correct class for row span prop" duration="1"/>
    <testCase name="Grid props should render correct class for row span prop" duration="1"/>
    <testCase name="Grid props should render correct class for row span prop" duration="1"/>
    <testCase name="Grid props should render correct class for row span prop" duration="1"/>
    <testCase name="Grid props should render correct class for row span prop" duration="1"/>
    <testCase name="Grid props should render correct class for row span prop" duration="1"/>
    <testCase name="Grid props should render correct class for row span prop" duration="1"/>
    <testCase name="Grid props should render correct class for row span prop" duration="2"/>
    <testCase name="Grid props should render correct class for row span prop" duration="1"/>
    <testCase name="Grid props should render correct class for row span prop" duration="1"/>
    <testCase name="Grid props should render correct class for row span prop" duration="1"/>
    <testCase name="Grid props should render correct class for row span prop" duration="1"/>
    <testCase name="Grid props should render correct class for row span prop" duration="1"/>
    <testCase name="Grid props should render correct class for row span prop" duration="1"/>
    <testCase name="Grid props should render correct class for row span prop" duration="1"/>
    <testCase name="Grid props should render correct class for row span prop" duration="1"/>
    <testCase name="Grid props should render correct class for row span prop" duration="3"/>
    <testCase name="Grid props should render correct class for row span prop" duration="1"/>
    <testCase name="Grid props should render correct class for row span prop" duration="2"/>
    <testCase name="Grid props should render correct class for row span prop" duration="1"/>
    <testCase name="Grid props should render correct class for row span prop" duration="1"/>
    <testCase name="Grid props should render correct class for row span prop" duration="1"/>
    <testCase name="Grid props should render correct class for row span prop" duration="1"/>
    <testCase name="Grid props should render correct class for row span prop" duration="1"/>
    <testCase name="Grid props should render correct class for row span prop" duration="1"/>
    <testCase name="Grid props should render correct class for row span prop" duration="1"/>
    <testCase name="Grid props should render correct class for row span prop" duration="1"/>
    <testCase name="Grid props should render correct class for row span prop" duration="0"/>
    <testCase name="Grid props should render correct class for row span prop" duration="1"/>
    <testCase name="Grid props should render correct class for row span prop" duration="1"/>
    <testCase name="Grid props should render correct class for row span prop" duration="1"/>
    <testCase name="Grid props should render correct class for row span prop" duration="1"/>
    <testCase name="Grid props should render correct class for row span prop" duration="1"/>
    <testCase name="Grid props should render correct class for row span prop" duration="1"/>
    <testCase name="Grid props should render correct class for row start prop" duration="1"/>
    <testCase name="Grid props should render correct class for row start prop" duration="2"/>
    <testCase name="Grid props should render correct class for row start prop" duration="1"/>
    <testCase name="Grid props should render correct class for row start prop" duration="1"/>
    <testCase name="Grid props should render correct class for row start prop" duration="1"/>
    <testCase name="Grid props should render correct class for row start prop" duration="1"/>
    <testCase name="Grid props should render correct class for row start prop" duration="1"/>
    <testCase name="Grid props should render correct class for row start prop" duration="1"/>
    <testCase name="Grid props should render correct class for row start prop" duration="1"/>
    <testCase name="Grid props should render correct class for row start prop" duration="1"/>
    <testCase name="Grid props should render correct class for row start prop" duration="1"/>
    <testCase name="Grid props should render correct class for row start prop" duration="1"/>
    <testCase name="Grid props should render correct class for row start prop" duration="1"/>
    <testCase name="Grid props should render correct class for row start prop" duration="1"/>
    <testCase name="Grid props should render correct class for row start prop" duration="1"/>
    <testCase name="Grid props should render correct class for row start prop" duration="0"/>
    <testCase name="Grid props should render correct class for row start prop" duration="1"/>
    <testCase name="Grid props should render correct class for row start prop" duration="2"/>
    <testCase name="Grid props should render correct class for row start prop" duration="1"/>
    <testCase name="Grid props should render correct class for row start prop" duration="1"/>
    <testCase name="Grid props should render correct class for row start prop" duration="1"/>
    <testCase name="Grid props should render correct class for row start prop" duration="1"/>
    <testCase name="Grid props should render correct class for row start prop" duration="1"/>
    <testCase name="Grid props should render correct class for row start prop" duration="1"/>
    <testCase name="Grid props should render correct class for row start prop" duration="2"/>
    <testCase name="Grid props should render correct class for row start prop" duration="1"/>
    <testCase name="Grid props should render correct class for row start prop" duration="1"/>
    <testCase name="Grid props should render correct class for row start prop" duration="7"/>
    <testCase name="Grid props should render correct class for row start prop" duration="1"/>
    <testCase name="Grid props should render correct class for row start prop" duration="1"/>
    <testCase name="Grid props should render correct class for row start prop" duration="1"/>
    <testCase name="Grid props should render correct class for row start prop" duration="1"/>
    <testCase name="Grid props should render correct class for row start prop" duration="0"/>
    <testCase name="Grid props should render correct class for row start prop" duration="0"/>
    <testCase name="Grid props should render correct class for row start prop" duration="1"/>
    <testCase name="Grid props should render correct class for row start prop" duration="1"/>
    <testCase name="Grid props should render correct class for row start prop" duration="1"/>
    <testCase name="Grid props should render correct class for row start prop" duration="1"/>
    <testCase name="Grid props should render correct class for row start prop" duration="1"/>
    <testCase name="Grid props should render correct class for row start prop" duration="1"/>
    <testCase name="Grid props should render correct class for row start prop" duration="1"/>
    <testCase name="Grid props should render correct class for row start prop" duration="1"/>
    <testCase name="Grid props should render correct class for row start prop" duration="0"/>
    <testCase name="Grid props should render correct class for row start prop" duration="1"/>
    <testCase name="Grid props should render correct class for row start prop" duration="1"/>
    <testCase name="Grid props should render correct class for row start prop" duration="1"/>
    <testCase name="Grid props should render correct class for row start prop" duration="1"/>
    <testCase name="Grid props should render correct class for row start prop" duration="1"/>
    <testCase name="Grid props should render correct class for row start prop" duration="1"/>
    <testCase name="Grid props should render correct class for row start prop" duration="1"/>
    <testCase name="Grid props should render correct class for row start prop" duration="1"/>
    <testCase name="Grid props should render correct class for row start prop" duration="1"/>
    <testCase name="Grid props should render correct class for row start prop" duration="0"/>
    <testCase name="Grid props should render correct class for row start prop" duration="0"/>
    <testCase name="Grid props should render correct class for row start prop" duration="1"/>
    <testCase name="Grid props should render correct class for row start prop" duration="1"/>
    <testCase name="Grid props should render correct class for row start prop" duration="1"/>
    <testCase name="Grid props should render correct class for row start prop" duration="1"/>
    <testCase name="Grid props should render correct class for row start prop" duration="1"/>
    <testCase name="Grid props should render correct class for row start prop" duration="1"/>
    <testCase name="Grid props should render correct class for row start prop" duration="2"/>
    <testCase name="Grid props should render correct class for row start prop" duration="2"/>
    <testCase name="Grid props should render correct class for row start prop" duration="3"/>
    <testCase name="Grid props should render correct class for row start prop" duration="3"/>
    <testCase name="Grid props should render correct class for row start prop" duration="1"/>
    <testCase name="Grid props should render correct class for row start prop" duration="1"/>
    <testCase name="Grid props should render correct class for row start prop" duration="1"/>
    <testCase name="Grid props should render correct class for row start prop" duration="1"/>
    <testCase name="Grid props should render correct class for row start prop" duration="2"/>
    <testCase name="Grid props should render correct class for row start prop" duration="3"/>
    <testCase name="Grid props should render correct class for row end prop" duration="2"/>
    <testCase name="Grid props should render correct class for row end prop" duration="2"/>
    <testCase name="Grid props should render correct class for row end prop" duration="11"/>
    <testCase name="Grid props should render correct class for row end prop" duration="2"/>
    <testCase name="Grid props should render correct class for row end prop" duration="1"/>
    <testCase name="Grid props should render correct class for row end prop" duration="1"/>
    <testCase name="Grid props should render correct class for row end prop" duration="1"/>
    <testCase name="Grid props should render correct class for row end prop" duration="1"/>
    <testCase name="Grid props should render correct class for row end prop" duration="1"/>
    <testCase name="Grid props should render correct class for row end prop" duration="1"/>
    <testCase name="Grid props should render correct class for row end prop" duration="1"/>
    <testCase name="Grid props should render correct class for row end prop" duration="1"/>
    <testCase name="Grid props should render correct class for row end prop" duration="1"/>
    <testCase name="Grid props should render correct class for row end prop" duration="1"/>
    <testCase name="Grid props should render correct class for row end prop" duration="1"/>
    <testCase name="Grid props should render correct class for row end prop" duration="1"/>
    <testCase name="Grid props should render correct class for row end prop" duration="1"/>
    <testCase name="Grid props should render correct class for row end prop" duration="0"/>
    <testCase name="Grid props should render correct class for row end prop" duration="1"/>
    <testCase name="Grid props should render correct class for row end prop" duration="1"/>
    <testCase name="Grid props should render correct class for row end prop" duration="1"/>
    <testCase name="Grid props should render correct class for row end prop" duration="1"/>
    <testCase name="Grid props should render correct class for row end prop" duration="1"/>
    <testCase name="Grid props should render correct class for row end prop" duration="1"/>
    <testCase name="Grid props should render correct class for row end prop" duration="1"/>
    <testCase name="Grid props should render correct class for row end prop" duration="1"/>
    <testCase name="Grid props should render correct class for row end prop" duration="1"/>
    <testCase name="Grid props should render correct class for row end prop" duration="1"/>
    <testCase name="Grid props should render correct class for row end prop" duration="1"/>
    <testCase name="Grid props should render correct class for row end prop" duration="1"/>
    <testCase name="Grid props should render correct class for row end prop" duration="1"/>
    <testCase name="Grid props should render correct class for row end prop" duration="1"/>
    <testCase name="Grid props should render correct class for row end prop" duration="1"/>
    <testCase name="Grid props should render correct class for row end prop" duration="1"/>
    <testCase name="Grid props should render correct class for row end prop" duration="1"/>
    <testCase name="Grid props should render correct class for row end prop" duration="1"/>
    <testCase name="Grid props should render correct class for row end prop" duration="0"/>
    <testCase name="Grid props should render correct class for row end prop" duration="1"/>
    <testCase name="Grid props should render correct class for row end prop" duration="2"/>
    <testCase name="Grid props should render correct class for row end prop" duration="1"/>
    <testCase name="Grid props should render correct class for row end prop" duration="0"/>
    <testCase name="Grid props should render correct class for row end prop" duration="1"/>
    <testCase name="Grid props should render correct class for row end prop" duration="1"/>
    <testCase name="Grid props should render correct class for row end prop" duration="1"/>
    <testCase name="Grid props should render correct class for row end prop" duration="1"/>
    <testCase name="Grid props should render correct class for row end prop" duration="1"/>
    <testCase name="Grid props should render correct class for row end prop" duration="1"/>
    <testCase name="Grid props should render correct class for row end prop" duration="7"/>
    <testCase name="Grid props should render correct class for row end prop" duration="1"/>
    <testCase name="Grid props should render correct class for row end prop" duration="1"/>
    <testCase name="Grid props should render correct class for row end prop" duration="1"/>
    <testCase name="Grid props should render correct class for row end prop" duration="1"/>
    <testCase name="Grid props should render correct class for row end prop" duration="1"/>
    <testCase name="Grid props should render correct class for row end prop" duration="2"/>
    <testCase name="Grid props should render correct class for row end prop" duration="1"/>
    <testCase name="Grid props should render correct class for row end prop" duration="1"/>
    <testCase name="Grid props should render correct class for row end prop" duration="2"/>
    <testCase name="Grid props should render correct class for row end prop" duration="2"/>
    <testCase name="Grid props should render correct class for row end prop" duration="2"/>
    <testCase name="Grid props should render correct class for row end prop" duration="2"/>
    <testCase name="Grid props should render correct class for row end prop" duration="2"/>
    <testCase name="Grid props should render correct class for row end prop" duration="2"/>
    <testCase name="Grid props should render correct class for row end prop" duration="1"/>
    <testCase name="Grid props should render correct class for row end prop" duration="1"/>
    <testCase name="Grid props should render correct class for row end prop" duration="2"/>
    <testCase name="Grid props should render correct class for row end prop" duration="1"/>
    <testCase name="Grid props should render correct class for row end prop" duration="1"/>
    <testCase name="Grid props should render correct class for row end prop" duration="0"/>
    <testCase name="Grid props should render correct class for row end prop" duration="1"/>
    <testCase name="Grid props should render correct class for row end prop" duration="1"/>
    <testCase name="Grid props should pass data-TestId" duration="3"/>
    <testCase name="Grid props should set grid-area value based on area prop" duration="2"/>
  </file>
  <file path="C:\Users\g.roelofs\Documents\Github\academy\react\storybook\src\components\layout\Grid\Grid\Grid.test.tsx">
    <testCase name="Grid defaults should render grid" duration="36"/>
    <testCase name="Grid props should render correct class for column prop" duration="3"/>
    <testCase name="Grid props should render correct class for column prop" duration="4"/>
    <testCase name="Grid props should render correct class for column prop" duration="2"/>
    <testCase name="Grid props should render correct class for column prop" duration="3"/>
    <testCase name="Grid props should render correct class for column prop" duration="3"/>
    <testCase name="Grid props should render correct class for column prop" duration="2"/>
    <testCase name="Grid props should render correct class for column prop" duration="2"/>
    <testCase name="Grid props should render correct class for column prop" duration="3"/>
    <testCase name="Grid props should render correct class for column prop" duration="2"/>
    <testCase name="Grid props should render correct class for column prop" duration="6"/>
    <testCase name="Grid props should render correct class for column prop" duration="2"/>
    <testCase name="Grid props should render correct class for column prop" duration="3"/>
    <testCase name="Grid props should render correct class for column prop" duration="3"/>
    <testCase name="Grid props should render correct class for column prop" duration="2"/>
    <testCase name="Grid props should render correct class for column prop" duration="2"/>
    <testCase name="Grid props should render correct class for column prop" duration="2"/>
    <testCase name="Grid props should render correct class for column prop" duration="1"/>
    <testCase name="Grid props should render correct class for column prop" duration="1"/>
    <testCase name="Grid props should render correct class for column prop" duration="2"/>
    <testCase name="Grid props should render correct class for column prop" duration="1"/>
    <testCase name="Grid props should render correct class for column prop" duration="2"/>
    <testCase name="Grid props should render correct class for column prop" duration="1"/>
    <testCase name="Grid props should render correct class for column prop" duration="1"/>
    <testCase name="Grid props should render correct class for column prop" duration="2"/>
    <testCase name="Grid props should render correct class for column prop" duration="1"/>
    <testCase name="Grid props should render correct class for column prop" duration="1"/>
    <testCase name="Grid props should render correct class for column prop" duration="1"/>
    <testCase name="Grid props should render correct class for column prop" duration="2"/>
    <testCase name="Grid props should render correct class for column prop" duration="1"/>
    <testCase name="Grid props should render correct class for column prop" duration="1"/>
    <testCase name="Grid props should render correct class for column prop" duration="1"/>
    <testCase name="Grid props should render correct class for column prop" duration="1"/>
    <testCase name="Grid props should render correct class for column prop" duration="1"/>
    <testCase name="Grid props should render correct class for column prop" duration="1"/>
    <testCase name="Grid props should render correct class for column prop" duration="1"/>
    <testCase name="Grid props should render correct class for column prop" duration="1"/>
    <testCase name="Grid props should render correct class for column prop" duration="1"/>
    <testCase name="Grid props should render correct class for column prop" duration="1"/>
    <testCase name="Grid props should render correct class for column prop" duration="1"/>
    <testCase name="Grid props should render correct class for column prop" duration="1"/>
    <testCase name="Grid props should render correct class for column prop" duration="1"/>
    <testCase name="Grid props should render correct class for column prop" duration="1"/>
    <testCase name="Grid props should render correct class for column prop" duration="1"/>
    <testCase name="Grid props should render correct class for column prop" duration="1"/>
    <testCase name="Grid props should render correct class for column prop" duration="1"/>
    <testCase name="Grid props should render correct class for column prop" duration="1"/>
    <testCase name="Grid props should render correct class for column prop" duration="5"/>
    <testCase name="Grid props should render correct class for column prop" duration="1"/>
    <testCase name="Grid props should render correct class for column prop" duration="1"/>
    <testCase name="Grid props should render correct class for column prop" duration="1"/>
    <testCase name="Grid props should render correct class for column prop" duration="1"/>
    <testCase name="Grid props should render correct class for column prop" duration="1"/>
    <testCase name="Grid props should render correct class for column prop" duration="1"/>
    <testCase name="Grid props should render correct class for column prop" duration="1"/>
    <testCase name="Grid props should render correct class for column prop" duration="1"/>
    <testCase name="Grid props should render correct class for column prop" duration="1"/>
    <testCase name="Grid props should render correct class for column prop" duration="1"/>
    <testCase name="Grid props should render correct class for column prop" duration="1"/>
    <testCase name="Grid props should render correct class for column prop" duration="1"/>
    <testCase name="Grid props should render correct class for column prop" duration="2"/>
    <testCase name="Grid props should render correct class for column prop" duration="1"/>
    <testCase name="Grid props should render correct class for column prop" duration="1"/>
    <testCase name="Grid props should render correct class for column prop" duration="2"/>
    <testCase name="Grid props should render correct class for column prop" duration="1"/>
    <testCase name="Grid props should render correct class for column prop" duration="1"/>
    <testCase name="Grid props should render correct class for row prop" duration="2"/>
    <testCase name="Grid props should render correct class for row prop" duration="1"/>
    <testCase name="Grid props should render correct class for row prop" duration="1"/>
    <testCase name="Grid props should render correct class for row prop" duration="1"/>
    <testCase name="Grid props should render correct class for row prop" duration="1"/>
    <testCase name="Grid props should render correct class for row prop" duration="1"/>
    <testCase name="Grid props should render correct class for row prop" duration="2"/>
    <testCase name="Grid props should render correct class for row prop" duration="1"/>
    <testCase name="Grid props should render correct class for row prop" duration="1"/>
    <testCase name="Grid props should render correct class for row prop" duration="1"/>
    <testCase name="Grid props should render correct class for row prop" duration="1"/>
    <testCase name="Grid props should render correct class for row prop" duration="1"/>
    <testCase name="Grid props should render correct class for row prop" duration="1"/>
    <testCase name="Grid props should render correct class for row prop" duration="1"/>
    <testCase name="Grid props should render correct class for row prop" duration="1"/>
    <testCase name="Grid props should render correct class for row prop" duration="1"/>
    <testCase name="Grid props should render correct class for row prop" duration="1"/>
    <testCase name="Grid props should render correct class for row prop" duration="1"/>
    <testCase name="Grid props should render correct class for row prop" duration="1"/>
    <testCase name="Grid props should render correct class for row prop" duration="1"/>
    <testCase name="Grid props should render correct class for row prop" duration="2"/>
    <testCase name="Grid props should render correct class for row prop" duration="2"/>
    <testCase name="Grid props should render correct class for row prop" duration="1"/>
    <testCase name="Grid props should render correct class for row prop" duration="4"/>
    <testCase name="Grid props should render correct class for row prop" duration="2"/>
    <testCase name="Grid props should render correct class for row prop" duration="1"/>
    <testCase name="Grid props should render correct class for row prop" duration="1"/>
    <testCase name="Grid props should render correct class for row prop" duration="1"/>
    <testCase name="Grid props should render correct class for row prop" duration="1"/>
    <testCase name="Grid props should render correct class for row prop" duration="1"/>
    <testCase name="Grid props should render correct class for row prop" duration="1"/>
    <testCase name="Grid props should render correct class for row prop" duration="3"/>
    <testCase name="Grid props should render correct class for row prop" duration="2"/>
    <testCase name="Grid props should render correct class for row prop" duration="1"/>
    <testCase name="Grid props should render correct class for row prop" duration="1"/>
    <testCase name="Grid props should render correct class for flow prop" duration="1"/>
    <testCase name="Grid props should render correct class for flow prop" duration="1"/>
    <testCase name="Grid props should render correct class for flow prop" duration="1"/>
    <testCase name="Grid props should render correct class for flow prop" duration="1"/>
    <testCase name="Grid props should render correct class for flow prop" duration="1"/>
    <testCase name="Grid props should render correct class for flow prop" duration="1"/>
    <testCase name="Grid props should render correct class for flow prop" duration="1"/>
    <testCase name="Grid props should render correct class for flow prop" duration="1"/>
    <testCase name="Grid props should render correct class for flow prop" duration="1"/>
    <testCase name="Grid props should render correct class for flow prop" duration="2"/>
    <testCase name="Grid props should render correct class for flow prop" duration="2"/>
    <testCase name="Grid props should render correct class for flow prop" duration="1"/>
    <testCase name="Grid props should render correct class for flow prop" duration="1"/>
    <testCase name="Grid props should render correct class for flow prop" duration="1"/>
    <testCase name="Grid props should render correct class for flow prop" duration="1"/>
    <testCase name="Grid props should render correct class for flow prop" duration="1"/>
    <testCase name="Grid props should render correct class for flow prop" duration="1"/>
    <testCase name="Grid props should render correct class for flow prop" duration="1"/>
    <testCase name="Grid props should render correct class for flow prop" duration="1"/>
    <testCase name="Grid props should render correct class for flow prop" duration="1"/>
    <testCase name="Grid props should render correct class for flow prop" duration="1"/>
    <testCase name="Grid props should render correct class for flow prop" duration="1"/>
    <testCase name="Grid props should render correct class for flow prop" duration="1"/>
    <testCase name="Grid props should render correct class for flow prop" duration="1"/>
    <testCase name="Grid props should render correct class for flow prop" duration="1"/>
    <testCase name="Grid props should render correct class for autoColumns prop" duration="2"/>
    <testCase name="Grid props should render correct class for autoColumns prop" duration="1"/>
    <testCase name="Grid props should render correct class for autoColumns prop" duration="1"/>
    <testCase name="Grid props should render correct class for autoColumns prop" duration="1"/>
    <testCase name="Grid props should render correct class for autoColumns prop" duration="1"/>
    <testCase name="Grid props should render correct class for autoColumns prop" duration="4"/>
    <testCase name="Grid props should render correct class for autoColumns prop" duration="1"/>
    <testCase name="Grid props should render correct class for autoColumns prop" duration="1"/>
    <testCase name="Grid props should render correct class for autoColumns prop" duration="1"/>
    <testCase name="Grid props should render correct class for autoColumns prop" duration="1"/>
    <testCase name="Grid props should render correct class for autoColumns prop" duration="1"/>
    <testCase name="Grid props should render correct class for autoColumns prop" duration="2"/>
    <testCase name="Grid props should render correct class for autoColumns prop" duration="1"/>
    <testCase name="Grid props should render correct class for autoColumns prop" duration="1"/>
    <testCase name="Grid props should render correct class for autoColumns prop" duration="1"/>
    <testCase name="Grid props should render correct class for autoColumns prop" duration="2"/>
    <testCase name="Grid props should render correct class for autoColumns prop" duration="2"/>
    <testCase name="Grid props should render correct class for autoColumns prop" duration="1"/>
    <testCase name="Grid props should render correct class for autoColumns prop" duration="1"/>
    <testCase name="Grid props should render correct class for autoColumns prop" duration="2"/>
    <testCase name="Grid props should render correct class for autoRows prop" duration="3"/>
    <testCase name="Grid props should render correct class for autoRows prop" duration="2"/>
    <testCase name="Grid props should render correct class for autoRows prop" duration="1"/>
    <testCase name="Grid props should render correct class for autoRows prop" duration="1"/>
    <testCase name="Grid props should render correct class for autoRows prop" duration="1"/>
    <testCase name="Grid props should render correct class for autoRows prop" duration="1"/>
    <testCase name="Grid props should render correct class for autoRows prop" duration="1"/>
    <testCase name="Grid props should render correct class for autoRows prop" duration="1"/>
    <testCase name="Grid props should render correct class for autoRows prop" duration="1"/>
    <testCase name="Grid props should render correct class for autoRows prop" duration="1"/>
    <testCase name="Grid props should render correct class for autoRows prop" duration="1"/>
    <testCase name="Grid props should render correct class for autoRows prop" duration="1"/>
    <testCase name="Grid props should render correct class for autoRows prop" duration="1"/>
    <testCase name="Grid props should render correct class for autoRows prop" duration="1"/>
    <testCase name="Grid props should render correct class for autoRows prop" duration="1"/>
    <testCase name="Grid props should render correct class for autoRows prop" duration="1"/>
    <testCase name="Grid props should render correct class for autoRows prop" duration="1"/>
    <testCase name="Grid props should render correct class for autoRows prop" duration="1"/>
    <testCase name="Grid props should render correct class for autoRows prop" duration="1"/>
    <testCase name="Grid props should render correct class for autoRows prop" duration="1"/>
    <testCase name="Grid props should render correct class for gutter prop" duration="2"/>
    <testCase name="Grid props should render correct class for gutter prop" duration="1"/>
    <testCase name="Grid props should render correct class for gutter prop" duration="1"/>
    <testCase name="Grid props should render correct class for gutter prop" duration="1"/>
    <testCase name="Grid props should render correct class for gutter prop" duration="1"/>
    <testCase name="Grid props should render correct class for gutter prop" duration="1"/>
    <testCase name="Grid props should render correct class for gutter prop" duration="1"/>
    <testCase name="Grid props should render correct class for gutter prop" duration="1"/>
    <testCase name="Grid props should render correct class for gutter prop" duration="13"/>
    <testCase name="Grid props should render correct class for gutter prop" duration="1"/>
    <testCase name="Grid props should render correct class for gutter prop" duration="1"/>
    <testCase name="Grid props should render correct class for gutter prop" duration="2"/>
    <testCase name="Grid props should render correct class for gutter prop" duration="4"/>
    <testCase name="Grid props should render correct class for gutter prop" duration="2"/>
    <testCase name="Grid props should render correct class for gutter prop" duration="2"/>
    <testCase name="Grid props should render correct class for gutter prop" duration="2"/>
    <testCase name="Grid props should render correct class for gutter prop" duration="3"/>
    <testCase name="Grid props should render correct class for gutter prop" duration="4"/>
    <testCase name="Grid props should render correct class for gutter prop" duration="2"/>
    <testCase name="Grid props should render correct class for gutter prop" duration="1"/>
    <testCase name="Grid props should render correct class for gutter prop" duration="2"/>
    <testCase name="Grid props should render correct class for gutter prop" duration="1"/>
    <testCase name="Grid props should render correct class for gutter prop" duration="1"/>
    <testCase name="Grid props should render correct class for gutter prop" duration="1"/>
    <testCase name="Grid props should render correct class for gutter prop" duration="1"/>
    <testCase name="Grid props should render correct class for gutter prop" duration="2"/>
    <testCase name="Grid props should render correct class for gutter prop" duration="1"/>
    <testCase name="Grid props should render correct class for gutter prop" duration="1"/>
    <testCase name="Grid props should render correct class for gutter prop" duration="1"/>
    <testCase name="Grid props should render correct class for gutter prop" duration="1"/>
    <testCase name="Grid props should render correct class for columnGutter prop" duration="2"/>
    <testCase name="Grid props should render correct class for columnGutter prop" duration="1"/>
    <testCase name="Grid props should render correct class for columnGutter prop" duration="1"/>
    <testCase name="Grid props should render correct class for columnGutter prop" duration="1"/>
    <testCase name="Grid props should render correct class for columnGutter prop" duration="1"/>
    <testCase name="Grid props should render correct class for columnGutter prop" duration="1"/>
    <testCase name="Grid props should render correct class for columnGutter prop" duration="2"/>
    <testCase name="Grid props should render correct class for columnGutter prop" duration="1"/>
    <testCase name="Grid props should render correct class for columnGutter prop" duration="1"/>
    <testCase name="Grid props should render correct class for columnGutter prop" duration="1"/>
    <testCase name="Grid props should render correct class for columnGutter prop" duration="1"/>
    <testCase name="Grid props should render correct class for columnGutter prop" duration="1"/>
    <testCase name="Grid props should render correct class for columnGutter prop" duration="1"/>
    <testCase name="Grid props should render correct class for columnGutter prop" duration="1"/>
    <testCase name="Grid props should render correct class for columnGutter prop" duration="1"/>
    <testCase name="Grid props should render correct class for columnGutter prop" duration="1"/>
    <testCase name="Grid props should render correct class for columnGutter prop" duration="1"/>
    <testCase name="Grid props should render correct class for columnGutter prop" duration="1"/>
    <testCase name="Grid props should render correct class for columnGutter prop" duration="1"/>
    <testCase name="Grid props should render correct class for columnGutter prop" duration="2"/>
    <testCase name="Grid props should render correct class for columnGutter prop" duration="1"/>
    <testCase name="Grid props should render correct class for columnGutter prop" duration="6"/>
    <testCase name="Grid props should render correct class for columnGutter prop" duration="1"/>
    <testCase name="Grid props should render correct class for columnGutter prop" duration="1"/>
    <testCase name="Grid props should render correct class for columnGutter prop" duration="1"/>
    <testCase name="Grid props should render correct class for columnGutter prop" duration="2"/>
    <testCase name="Grid props should render correct class for columnGutter prop" duration="1"/>
    <testCase name="Grid props should render correct class for columnGutter prop" duration="1"/>
    <testCase name="Grid props should render correct class for columnGutter prop" duration="3"/>
    <testCase name="Grid props should render correct class for columnGutter prop" duration="2"/>
    <testCase name="Grid props should render correct class for rowGutter prop" duration="1"/>
    <testCase name="Grid props should render correct class for rowGutter prop" duration="2"/>
    <testCase name="Grid props should render correct class for rowGutter prop" duration="2"/>
    <testCase name="Grid props should render correct class for rowGutter prop" duration="1"/>
    <testCase name="Grid props should render correct class for rowGutter prop" duration="2"/>
    <testCase name="Grid props should render correct class for rowGutter prop" duration="1"/>
    <testCase name="Grid props should render correct class for rowGutter prop" duration="1"/>
    <testCase name="Grid props should render correct class for rowGutter prop" duration="2"/>
    <testCase name="Grid props should render correct class for rowGutter prop" duration="2"/>
    <testCase name="Grid props should render correct class for rowGutter prop" duration="2"/>
    <testCase name="Grid props should render correct class for rowGutter prop" duration="1"/>
    <testCase name="Grid props should render correct class for rowGutter prop" duration="2"/>
    <testCase name="Grid props should render correct class for rowGutter prop" duration="2"/>
    <testCase name="Grid props should render correct class for rowGutter prop" duration="2"/>
    <testCase name="Grid props should render correct class for rowGutter prop" duration="2"/>
    <testCase name="Grid props should render correct class for rowGutter prop" duration="1"/>
    <testCase name="Grid props should render correct class for rowGutter prop" duration="0"/>
    <testCase name="Grid props should render correct class for rowGutter prop" duration="0"/>
    <testCase name="Grid props should render correct class for rowGutter prop" duration="1"/>
    <testCase name="Grid props should render correct class for rowGutter prop" duration="1"/>
    <testCase name="Grid props should render correct class for rowGutter prop" duration="1"/>
    <testCase name="Grid props should render correct class for rowGutter prop" duration="1"/>
    <testCase name="Grid props should render correct class for rowGutter prop" duration="1"/>
    <testCase name="Grid props should render correct class for rowGutter prop" duration="1"/>
    <testCase name="Grid props should render correct class for rowGutter prop" duration="1"/>
    <testCase name="Grid props should render correct class for rowGutter prop" duration="1"/>
    <testCase name="Grid props should render correct class for rowGutter prop" duration="1"/>
    <testCase name="Grid props should render correct class for rowGutter prop" duration="1"/>
    <testCase name="Grid props should render correct class for rowGutter prop" duration="1"/>
    <testCase name="Grid props should render correct class for rowGutter prop" duration="1"/>
    <testCase name="Grid props should pass data-TestId" duration="2"/>
  </file>
</testExecutions>